<?xml version="1.0" encoding="UTF-8"?>
<!-- Generated by org.testng.reporters.JUnitXMLReporter -->
<testsuite hostname="HVDIVD27GA41104" ignored="0" name="Default test" tests="9" failures="0" timestamp="19 Sep 2019 20:55:16 GMT" time="68.327" errors="0">
  <testcase name="setup" time="12.241" classname="com.testClass.CRMContactsPageTest"/>
  <testcase name="validateTitle" time="0.006" classname="com.testClass.CRMContactsPageTest"/>
  <testcase name="clickcontactlink" time="3.307" classname="com.testClass.CRMContactsPageTest"/>
  <testcase name="validateAddNewContact" time="8.868" classname="com.testClass.CRMContactsPageTest"/>
  <testcase name="validateAddNewContact" time="8.917" classname="com.testClass.CRMContactsPageTest"/>
  <testcase name="validateAddNewContact" time="8.656" classname="com.testClass.CRMContactsPageTest"/>
  <testcase name="validateAddNewContact" time="8.283" classname="com.testClass.CRMContactsPageTest"/>
  <testcase name="validateAddNewContact" time="8.604" classname="com.testClass.CRMContactsPageTest"/>
  <testcase name="validateAddNewContact" time="8.712" classname="com.testClass.CRMContactsPageTest"/>
</testsuite> <!-- Default test -->
